d:\it\labworks\labclass6\cl6\cl6\x64\debug\vc143.pdb
d:\it\labworks\labclass6\cl6\cl6\x64\debug\vc143.idb
d:\it\labworks\labclass6\cl6\cl6\x64\debug\main.obj
d:\it\labworks\labclass6\cl6\cl6\x64\debug\list.obj
d:\it\labworks\labclass6\cl6\x64\debug\cl6.pdb
d:\it\labworks\labclass6\cl6\cl6\x64\debug\cl6.tlog\cl.read.1.tlog
d:\it\labworks\labclass6\cl6\cl6\x64\debug\cl6.tlog\cl.write.1.tlog
d:\it\labworks\labclass6\cl6\cl6\x64\debug\cl6.tlog\cl.command.1.tlog
d:\it\labworks\labclass6\cl6\cl6\x64\debug\cl6.tlog\link.read.2.tlog
d:\it\labworks\labclass6\cl6\cl6\x64\debug\cl6.tlog\link.write.1.tlog
d:\it\labworks\labclass6\cl6\cl6\x64\debug\cl6.tlog\link.command.1.tlog
d:\it\labworks\labclass6\cl6\cl6\x64\debug\cl6.tlog\link.132-rc.read.1.tlog
d:\it\labworks\labclass6\cl6\cl6\x64\debug\cl6.tlog\link.132-rc.write.1.tlog
d:\it\labworks\labclass6\cl6\cl6\x64\debug\cl6.tlog\link.132-cvtres.read.1.tlog
d:\it\labworks\labclass6\cl6\cl6\x64\debug\cl6.tlog\link.132-cvtres.write.1.tlog
d:\it\labworks\labclass6\cl6\cl6\x64\debug\cl6.tlog\link.132.read.2.tlog
d:\it\labworks\labclass6\cl6\cl6\x64\debug\cl6.tlog\link.132.read.1.tlog
d:\it\labworks\labclass6\cl6\cl6\x64\debug\cl6.tlog\link.132.write.1.tlog
d:\it\labworks\labclass6\cl6\cl6\x64\debug\cl6.tlog\link.read.1.tlog
d:\it\labworks\labclass6\cl6\cl6\x64\debug\cl6.tlog\link-rc.read.1.tlog
d:\it\labworks\labclass6\cl6\cl6\x64\debug\cl6.tlog\link-rc.write.1.tlog
d:\it\labworks\labclass6\cl6\cl6\x64\debug\cl6.tlog\link-cvtres.read.1.tlog
d:\it\labworks\labclass6\cl6\cl6\x64\debug\cl6.tlog\link-cvtres.write.1.tlog
